#
# A fatal error has been detected by the Java Runtime Environment:
#
#  EXCEPTION_ACCESS_VIOLATION (0xc0000005) at pc=0x00007ffa4c633004, pid=6452, tid=7092
#
# JRE version: OpenJDK Runtime Environment (24.0+36) (build 24+36-3646)
# Java VM: OpenJDK 64-Bit Server VM (24+36-3646, mixed mode, sharing, tiered, compressed oops, compressed class ptrs, g1 gc, windows-amd64)
# Problematic frame:
# C  [libasyncProfiler.dll+0x93004]
#
# No core dump will be written. Minidumps are not enabled by default on client versions of Windows
#
# JFR recording file will be written. Location: E:\2025Container\Crash Courses\Kotlin\projects\todo -CLI app\hs_err_pid6452.jfr
#
# If you would like to submit a bug report, please visit:
#   https://bugreport.java.com/bugreport/crash.jsp
# The crash happened outside the Java Virtual Machine in native code.
# See problematic frame for where to report the bug.
#

---------------  S U M M A R Y ------------

Command Line: -javaagent:C:\Program Files\JetBrains\IntelliJ IDEA 2024.3.5\lib\idea_rt.jar=63216 -Dfile.encoding=UTF-8 -Dsun.stdout.encoding=UTF-8 -Dsun.stderr.encoding=UTF-8 Todo_List_AppKt

Host: Intel(R) Core(TM) i5-4300U CPU @ 1.90GHz, 4 cores, 7G,  Windows 10 , 64 bit Build 19041 (10.0.19041.1889)
Time: Sun Apr 27 19:17:00 2025 E. Africa Standard Time elapsed time: 92.077846 seconds (0d 0h 1m 32s)

---------------  T H R E A D  ---------------

Current thread (0x0000023bf6856060):  JavaThread "Attach Listener" daemon [_thread_in_native, id=7092, stack(0x000000d711300000,0x000000d711400000) (1024K)]

Stack: [0x000000d711300000,0x000000d711400000],  sp=0x000000d7113ff0f0,  free space=1020k
Native frames: (J=compiled Java code, j=interpreted, Vv=VM code, C=native code)
C  [libasyncProfiler.dll+0x93004]  (no source info available)
C  [libasyncProfiler.dll+0x934db]  (no source info available)
C  [libasyncProfiler.dll+0x92134]  (no source info available)
C  [libasyncProfiler.dll+0x929aa]  (no source info available)
C  [libasyncProfiler.dll+0x8d561]  (no source info available)
C  [libasyncProfiler.dll+0x7ef21]  (no source info available)
C  [libasyncProfiler.dll+0x7dc38]  (no source info available)
C  [libasyncProfiler.dll+0x7db20]  (no source info available)
C  [libasyncProfiler.dll+0x84af9]  (no source info available)
V  [jvm.dll+0x57f1b7]  (no source info available)
V  [jvm.dll+0x57ff2c]  (no source info available)
V  [jvm.dll+0x14c9b7]  (no source info available)
V  [jvm.dll+0x14df81]  (no source info available)
V  [jvm.dll+0x42f566]  (no source info available)
V  [jvm.dll+0x87d8fb]  (no source info available)
V  [jvm.dll+0x72efe5]  (no source info available)
C  [ucrtbase.dll+0x21bb2]  (no source info available)
C  [KERNEL32.DLL+0x17034]  (no source info available)
C  [ntdll.dll+0x526a1]  (no source info available)


siginfo: EXCEPTION_ACCESS_VIOLATION (0xc0000005), reading address 0xffffffffffffffff


Registers:
RAX=0x0000000000000010, RBX=0x0000000000000000, RCX=0xffffffffffffffff, RDX=0x007ffa33f52ff010
RSP=0x000000d7113ff0f0, RBP=0x0000023bc5087908, RSI=0x000000d7113ff260, RDI=0x0000023bc5087908
R8 =0x0000000000000042, R9 =0x0000000087bc9d78, R10=0x00007ffa341c9fc0, R11=0x0000000000000004
R12=0x000000d7113ff260, R13=0x0000023bc5174ea0, R14=0x0000023bf6856428, R15=0x0000023bf6856428
RIP=0x00007ffa4c633004, EFLAGS=0x0000000000010202

XMM[0]=0x0000000000000000 0x0000000000000000
XMM[1]=0x0000000000000000 0x0000000000000000
XMM[2]=0x0000000000000000 0x0000000000000000
XMM[3]=0x0000000000000000 0x0000000000000000
XMM[4]=0x0000000000000000 0x0000000000000000
XMM[5]=0x0000000000000000 0x0000000000000000
XMM[6]=0x0000000000000000 0x0000000000000000
XMM[7]=0x0000000000000000 0x0000000000000000
XMM[8]=0x0000000000000000 0x0000000000000000
XMM[9]=0x0000000000000000 0x0000000000000000
XMM[10]=0x0000000000000000 0x0000000000000000
XMM[11]=0x0000000000000000 0x0000000000000000
XMM[12]=0x0000000000000000 0x0000000000000000
XMM[13]=0x0000000000000000 0x0000000000000000
XMM[14]=0x0000000000000000 0x0000000000000000
XMM[15]=0x0000000000000000 0x0000000000000000
  MXCSR=0x00001fa0


Register to memory mapping:

RAX=0x0000000000000010 is an unknown value
RBX=0x0 is null
RCX=0xffffffffffffffff is an unknown value
RDX=0x007ffa33f52ff010 is an unknown value
RSP=0x000000d7113ff0f0 is pointing into the stack for thread: 0x0000023bf6856060
RBP=0x0000023bc5087908 points into unknown readable memory: 0x0000000087bc9d78 | 78 9d bc 87 00 00 00 00
RSI=0x000000d7113ff260 is pointing into the stack for thread: 0x0000023bf6856060
RDI=0x0000023bc5087908 points into unknown readable memory: 0x0000000087bc9d78 | 78 9d bc 87 00 00 00 00
R8 =0x0000000000000042 is an unknown value
R9 =0x0000000087bc9d78 is an oop: java.lang.Thread 
{0x0000000087bc9d78} - klass: 'java/lang/Thread' - flags: 

 - ---- fields (total size 14 words):
 - 'threadLocalRandomProbe' 'I' @12  0 (0x00000000)
 - private volatile 'eetop' 'J' @16  2456086072464 (0x0000023bda234c90)
 - private final 'tid' 'J' @24  3 (0x0000000000000003)
 - 'threadLocalRandomSeed' 'J' @32  0 (0x0000000000000000)
 - injected 'jvmti_thread_state' 'J' @40  2455743551040 (0x0000023bc5b8d640)
 - 'threadLocalRandomSecondarySeed' 'I' @48  0 (0x00000000)
 - injected 'jvmti_VTMS_transition_disable_count' 'I' @52  0 (0x00000000)
 - injected 'jfr_epoch' 'S' @56  0 (0x0000)
 - volatile 'interrupted' 'Z' @58  false (0x00)
 - injected 'jvmti_is_in_VTMS_transition' 'Z' @59  false (0x00)
 - private volatile 'name' 'Ljava/lang/String;' @60  "main"{0x0000000087bc9de8} (0x87bc9de8)
 - private volatile 'contextClassLoader' 'Ljava/lang/ClassLoader;' @64  a 'jdk/internal/loader/ClassLoaders$AppClassLoader'{0x0000000087b0ff68} (0x87b0ff68)
 - private final 'holder' 'Ljava/lang/Thread$FieldHolder;' @68  a 'java/lang/Thread$FieldHolder'{0x0000000087bc9e18} (0x87bc9e18)
 - 'threadLocals' 'Ljava/lang/ThreadLocal$ThreadLocalMap;' @72  a 'java/lang/ThreadLocal$ThreadLocalMap'{0x0000000087bc9e40} (0x87bc9e40)
 - 'inheritableThreadLocals' 'Ljava/lang/ThreadLocal$ThreadLocalMap;' @76  null (0x00000000)
 - private 'scopedValueBindings' 'Ljava/lang/Object;' @80  a 'java/lang/Class'{0x00000000ffe7c280} = 'java/lang/Thread' (0xffe7c280)
 - final 'interruptLock' 'Ljava/lang/Object;' @84  a 'java/lang/Object'{0x0000000087bca068} (0x87bca068)
 - private volatile 'parkBlocker' 'Ljava/lang/Object;' @88  null (0x00000000)
 - private 'nioBlocker' 'Lsun/nio/ch/Interruptible;' @92  null (0x00000000)
 - private 'cont' 'Ljdk/internal/vm/Continuation;' @96  null (0x00000000)
 - private volatile 'uncaughtExceptionHandler' 'Ljava/lang/Thread$UncaughtExceptionHandler;' @100  null (0x00000000)
 - private 'container' 'Ljdk/internal/vm/ThreadContainer;' @104  null (0x00000000)
 - private volatile 'headStackableScopes' 'Ljdk/internal/vm/StackableScope;' @108  null (0x00000000)
R10=0x00007ffa341c9fc0 jvm.dll
R11=0x0000000000000004 is an unknown value
R12=0x000000d7113ff260 is pointing into the stack for thread: 0x0000023bf6856060
R13=0x0000023bc5174ea0 points into unknown readable memory: 0x00007ffa3413a510 | 10 a5 13 34 fa 7f 00 00
R14=0x0000023bf6856428 points into unknown readable memory: 0x00007ffa341317b0 | b0 17 13 34 fa 7f 00 00
R15=0x0000023bf6856428 points into unknown readable memory: 0x00007ffa341317b0 | b0 17 13 34 fa 7f 00 00

Top of Stack: (sp=0x000000d7113ff0f0)
0x000000d7113ff0f0:   000000d7113ff260 0000023bc5087908   `.?......y..;...
0x000000d7113ff100:   0000000000000000 0000023bf68567b0   .........g..;...
0x000000d7113ff110:   0000000000000020 00007ffa4c6334db    ........4cL....
0x000000d7113ff120:   0000000000000000 0000023bf6856428   ........(d..;...
0x000000d7113ff130:   000000d7113ff201 0000000000000000   ..?.............
0x000000d7113ff140:   0000023bc7cbdc00 00007ffa4c632134   ....;...4!cL....
0x000000d7113ff150:   0000000000000000 0000000000000020   ........ .......
0x000000d7113ff160:   0000000000000000 0000000000000020   ........ .......
0x000000d7113ff170:   0000000e00000000 0000023bc56d2670   ........p&m.;...
0x000000d7113ff180:   0000023bc7cbdc00 0000023bc7cbdc80   ....;.......;...
0x000000d7113ff190:   0000023bc7cbdca8 0000000000002c40   ....;...@,......
0x000000d7113ff1a0:   0000000000000000 0000000000000000   ................
0x000000d7113ff1b0:   0000000000000000 00007ffa339958e4   .........X.3....
0x000000d7113ff1c0:   00007ffa4c78ae00 0000000000001934   ..xL....4.......
0x000000d7113ff1d0:   00007ffa4c78ae00 00000000ffffffff   ..xL............
0x000000d7113ff1e0:   0000000000000000 00007ffa4c6329aa   .........)cL....
0x000000d7113ff1f0:   0000023bf6856428 0000000000000000   (d..;...........
0x000000d7113ff200:   000000d7113ff269 0000023bc5174ea0   i.?......N..;...
0x000000d7113ff210:   0000000000000002 0000000000000048   ........H.......
0x000000d7113ff220:   0000000800800310 0000000000000020   ........ .......
0x000000d7113ff230:   0000023bf6856428 00007ffa4c78ae00   (d..;.....xL....
0x000000d7113ff240:   0000023bf6848b90 0000023bc5b8d640   ....;...@...;...
0x000000d7113ff250:   0000000800800390 0000023bf6856428   ........(d..;...
0x000000d7113ff260:   0000023bc5ae9f60 0000023bc5aea360   `...;...`...;...
0x000000d7113ff270:   0000023bc5aea360 00007ffa4c78ae00   `...;.....xL....
0x000000d7113ff280:   000000d7113ff3f8 0000023bd8000000   ..?.........;...
0x000000d7113ff290:   000000d7113ff530 0000000000008840   0.?.....@.......
0x000000d7113ff2a0:   000000d7113ff710 00007ffa4c78ae50   ..?.....P.xL....
0x000000d7113ff2b0:   0000000000989680 0000000000989680   ................
0x000000d7113ff2c0:   000000d7113ff3d0 00007ffa4c62d561   ..?.....a.bL....
0x000000d7113ff2d0:   00007ffa4c78ae00 00007ffa4c78ae58   ..xL....X.xL....
0x000000d7113ff2e0:   00007ffa00000000 00007ffa00000001   ................

Instructions: (pc=0x00007ffa4c633004)
  0x00007ffa4c632f04:   cc cc cc cc cc cc cc cc cc cc cc cc cc cc cc cc
  0x00007ffa4c632f14:   cc cc cc cc cc cc cc cc cc cc cc cc cc cc cc cc
  0x00007ffa4c632f24:   cc cc cc cc cc cc cc cc cc cc cc cc cc cc cc cc
  0x00007ffa4c632f34:   cc cc cc cc cc cc cc cc cc cc cc cc cc cc cc cc
  0x00007ffa4c632f44:   cc cc cc cc cc cc cc cc cc cc cc cc cc cc cc cc
  0x00007ffa4c632f54:   cc cc cc cc cc cc cc cc cc cc cc cc cc cc cc cc
  0x00007ffa4c632f64:   cc cc cc cc cc cc cc cc cc cc cc cc cc cc cc cc
  0x00007ffa4c632f74:   cc cc cc cc cc cc cc cc cc cc cc cc cc cc cc cc
  0x00007ffa4c632f84:   cc cc cc cc cc cc cc cc cc cc cc cc 40 57 48 83
  0x00007ffa4c632f94:   ec 20 48 8b f9 48 8b 0d 30 80 15 00 48 85 c9 74
  0x00007ffa4c632fa4:   20 48 8b 01 48 8d 54 24 38 41 b8 06 00 01 00 4c
  0x00007ffa4c632fb4:   8b 48 30 41 ff d1 85 c0 75 07 48 8b 4c 24 38 eb
  0x00007ffa4c632fc4:   02 33 c9 4c 8b 05 0a 81 15 00 48 89 5c 24 30 4d
  0x00007ffa4c632fd4:   85 c0 74 4a 48 8b 01 48 8b d7 4c 8b 88 28 03 00
  0x00007ffa4c632fe4:   00 41 ff d1 48 85 c0 74 35 48 63 0d b8 3d 15 00
  0x00007ffa4c632ff4:   48 8b 14 01 48 85 d2 74 15 48 63 05 bc 3d 15 00
=>0x00007ffa4c633004:   8b 04 10 48 8b 5c 24 30 48 83 c4 20 5f c3 b8 ff
  0x00007ffa4c633014:   ff ff ff 48 8b 5c 24 30 48 83 c4 20 5f c3 80 3d
  0x00007ffa4c633024:   bb 7f 15 00 00 bb ff ff ff ff 74 20 4c 8b 0d 51
  0x00007ffa4c633034:   7c 15 00 4c 8d 44 24 38 48 8b 0d 35 7c 15 00 48
  0x00007ffa4c633044:   8b d7 41 ff d1 85 c0 0f 44 5c 24 38 8b c3 48 8b
  0x00007ffa4c633054:   5c 24 30 48 83 c4 20 5f c3 cc cc cc cc cc cc cc
  0x00007ffa4c633064:   cc cc cc cc cc cc cc cc cc cc cc cc cc cc cc cc
  0x00007ffa4c633074:   cc cc cc cc cc cc cc cc cc cc cc cc cc cc cc cc
  0x00007ffa4c633084:   cc cc cc cc cc cc cc cc cc cc cc cc 48 89 54 24
  0x00007ffa4c633094:   10 53 55 56 57 41 56 41 57 48 83 ec 28 48 8b f2
  0x00007ffa4c6330a4:   4c 8b f1 48 89 4c 24 78 45 33 ff 44 89 7c 24 68
  0x00007ffa4c6330b4:   c7 44 24 60 01 00 00 00 48 8d 4c 24 68 e8 69 3c
  0x00007ffa4c6330c4:   f7 ff 8b d8 48 8d 4c 24 60 e8 5d 3c f7 ff 8b e8
  0x00007ffa4c6330d4:   49 8b ce e8 33 f3 f6 ff 48 8b f8 90 8b c3 f0 0f
  0x00007ffa4c6330e4:   b1 2f 74 04 f3 90 eb f4 4c 89 3e 4c 89 7e 08 4c
  0x00007ffa4c6330f4:   89 7e 10 49 8b 6e 08 4d 8b 76 10 49 3b ee 0f 84


Stack slot to memory mapping:

stack at sp + 0 slots: 0x000000d7113ff260 is pointing into the stack for thread: 0x0000023bf6856060
stack at sp + 1 slots: 0x0000023bc5087908 points into unknown readable memory: 0x0000000087bc9d78 | 78 9d bc 87 00 00 00 00
stack at sp + 2 slots: 0x0 is null
stack at sp + 3 slots: 0x0000023bf68567b0 points into unknown readable memory: 0x6e616c2e6176616a | 6a 61 76 61 2e 6c 61 6e
stack at sp + 4 slots: 0x0000000000000020 is an unknown value
stack at sp + 5 slots: 0x00007ffa4c6334db libasyncProfiler.dll
stack at sp + 6 slots: 0x0 is null
stack at sp + 7 slots: 0x0000023bf6856428 points into unknown readable memory: 0x00007ffa341317b0 | b0 17 13 34 fa 7f 00 00

Lock stack of current Java thread (top to bottom):


---------------  P R O C E S S  ---------------

Threads class SMR info:
_java_thread_list=0x0000023bc55df6b0, length=19, elements={
0x0000023bda234c90, 0x0000023bf684e720, 0x0000023bf684f710, 0x0000023bf6854520,
0x0000023bf6856060, 0x0000023bf6857330, 0x0000023bf685bac0, 0x0000023bf685d0c0,
0x0000023bf6862400, 0x0000023bc503e8d0, 0x0000023bc51ed320, 0x0000023bc51efa70,
0x0000023bc5cd7100, 0x0000023bc5cd7850, 0x0000023bc5cd6260, 0x0000023bc5cd69b0,
0x0000023bc53a4900, 0x0000023bc5cd7fa0, 0x0000023bc5cd86f0
}

Java Threads: ( => current thread )
  0x0000023bda234c90 JavaThread "main"                              [_thread_in_native, id=1276, stack(0x000000d710800000,0x000000d710900000) (1024K)]
  0x0000023bf684e720 JavaThread "Reference Handler"          daemon [_thread_blocked, id=6624, stack(0x000000d711000000,0x000000d711100000) (1024K)]
  0x0000023bf684f710 JavaThread "Finalizer"                  daemon [_thread_blocked, id=12876, stack(0x000000d711100000,0x000000d711200000) (1024K)]
  0x0000023bf6854520 JavaThread "Signal Dispatcher"          daemon [_thread_blocked, id=12704, stack(0x000000d711200000,0x000000d711300000) (1024K)]
=>0x0000023bf6856060 JavaThread "Attach Listener"            daemon [_thread_in_native, id=7092, stack(0x000000d711300000,0x000000d711400000) (1024K)]
  0x0000023bf6857330 JavaThread "Service Thread"             daemon [_thread_blocked, id=7144, stack(0x000000d711400000,0x000000d711500000) (1024K)]
  0x0000023bf685bac0 JavaThread "Monitor Deflation Thread"   daemon [_thread_blocked, id=9148, stack(0x000000d711500000,0x000000d711600000) (1024K)]
  0x0000023bf685d0c0 JavaThread "C2 CompilerThread0"         daemon [_thread_blocked, id=6736, stack(0x000000d711600000,0x000000d711700000) (1024K)]
  0x0000023bf6862400 JavaThread "C1 CompilerThread0"         daemon [_thread_blocked, id=12528, stack(0x000000d711700000,0x000000d711800000) (1024K)]
  0x0000023bc503e8d0 JavaThread "Common-Cleaner"             daemon [_thread_blocked, id=912, stack(0x000000d711800000,0x000000d711900000) (1024K)]
  0x0000023bc51ed320 JavaThread "Monitor Ctrl-Break"         daemon [_thread_in_native, id=3544, stack(0x000000d711900000,0x000000d711a00000) (1024K)]
  0x0000023bc51efa70 JavaThread "Notification Thread"        daemon [_thread_blocked, id=7660, stack(0x000000d711a00000,0x000000d711b00000) (1024K)]
  0x0000023bc5cd7100 JavaThread "RMI TCP Accept-0"           daemon [_thread_in_native, id=11508, stack(0x000000d711c00000,0x000000d711d00000) (1024K)]
  0x0000023bc5cd7850 JavaThread "RMI TCP Connection(1)-192.168.43.4" daemon [_thread_in_native, id=3876, stack(0x000000d711d00000,0x000000d711e00000) (1024K)]
  0x0000023bc5cd6260 JavaThread "RMI Scheduler(0)"           daemon [_thread_blocked, id=12568, stack(0x000000d711e00000,0x000000d711f00000) (1024K)]
  0x0000023bc5cd69b0 JavaThread "JMX server connection timeout 29" daemon [_thread_blocked, id=2336, stack(0x000000d711f00000,0x000000d712000000) (1024K)]
  0x0000023bc53a4900 JavaThread "C2 CompilerThread1"         daemon [_thread_blocked, id=7948, stack(0x000000d710500000,0x000000d710600000) (1024K)]
  0x0000023bc5cd7fa0 JavaThread "JFR Recorder Thread"        daemon [_thread_in_native, id=7840, stack(0x000000d710600000,0x000000d710700000) (1024K)]
  0x0000023bc5cd86f0 JavaThread "JFR Periodic Tasks"         daemon [_thread_blocked, id=5492, stack(0x000000d710700000,0x000000d710800000) (1024K)]
Total: 19

Other Threads:
  0x0000023bf6839620 VMThread "VM Thread"                           [id=4420, stack(0x000000d710f00000,0x000000d711000000) (1024K)]
  0x0000023bf682c9f0 WatcherThread "VM Periodic Task Thread"        [id=8356, stack(0x000000d710e00000,0x000000d710f00000) (1024K)]
  0x0000023bda28d950 WorkerThread "GC Thread#0"                     [id=9592, stack(0x000000d710900000,0x000000d710a00000) (1024K)]
  0x0000023bc5a0d090 WorkerThread "GC Thread#1"                     [id=10104, stack(0x000000d712100000,0x000000d712200000) (1024K)]
  0x0000023bc5a0b6c0 WorkerThread "GC Thread#2"                     [id=1056, stack(0x000000d712200000,0x000000d712300000) (1024K)]
  0x0000023bc5a0be20 WorkerThread "GC Thread#3"                     [id=11328, stack(0x000000d712300000,0x000000d712400000) (1024K)]
  0x0000023bda2a25e0 ConcurrentGCThread "G1 Main Marker"            [id=5408, stack(0x000000d710a00000,0x000000d710b00000) (1024K)]
  0x0000023bda2a3270 WorkerThread "G1 Conc#0"                       [id=2144, stack(0x000000d710b00000,0x000000d710c00000) (1024K)]
  0x0000023bf67010c0 ConcurrentGCThread "G1 Refine#0"               [id=3512, stack(0x000000d710c00000,0x000000d710d00000) (1024K)]
  0x0000023bf67036f0 ConcurrentGCThread "G1 Service"                [id=12320, stack(0x000000d710d00000,0x000000d710e00000) (1024K)]
Total: 10

Threads with active compile tasks:
Total: 0

VM state: not at safepoint (normal execution)

VM Mutex/Monitor currently owned by a thread: None

Heap address: 0x0000000081800000, size: 2024 MB, Compressed Oops mode: 32-bit

CDS archive(s) mapped at: [0x0000023b80000000-0x0000023b80d40000-0x0000023b80d40000), size 13893632, SharedBaseAddress: 0x0000023b80000000, ArchiveRelocationMode: 1.
Compressed class space mapped at: 0x0000023b81000000-0x0000023bc1000000, reserved size: 1073741824
UseCompressedClassPointers 1, UseCompactObjectHeaders 0
Narrow klass pointer bits 32, Max shift 3
Narrow klass base: 0x0000023b80000000, Narrow klass shift: 0
Encoding Range: [0x0000023b80000000 - 0x0000023c80000000), (4294967296 bytes)
Klass Range:    [0x0000023b80000000 - 0x0000023bc1000000), (1090519040 bytes)
Klass ID Range:  [8 - 1090519033) (1090519025)

GC Precious Log:
 CardTable entry size: 512
 Card Set container configuration: InlinePtr #cards 5 size 8 Array Of Cards #cards 10 size 36 Howl #buckets 4 coarsen threshold 1843 Howl Bitmap #cards 512 size 80 coarsen threshold 460 Card regions per heap region 1 cards per card region 2048
 CPUs: 4 total, 4 available
 Memory: 8089M
 Large Page Support: Disabled
 NUMA Support: Disabled
 Compressed Oops: Enabled (32-bit)
 Heap Region Size: 1M
 Heap Min Capacity: 8M
 Heap Initial Capacity: 128M
 Heap Max Capacity: 2024M
 Pre-touch: Disabled
 Parallel Workers: 4
 Concurrent Workers: 1
 Concurrent Refinement Workers: 4
 Periodic GC: Disabled

Heap:
 garbage-first heap   total reserved 2072576K, committed 133120K, used 7846K [0x0000000081800000, 0x0000000100000000)
  region size 1024K, 7 young (7168K), 4 survivors (4096K)
 Metaspace       used 8379K, committed 8640K, reserved 1114112K
  class space    used 738K, committed 896K, reserved 1048576K

Heap Regions: E=young(eden), S=young(survivor), O=old, HS=humongous(starts), HC=humongous(continues), CS=collection set, F=free, TAMS=top-at-mark-start, PB=parsable bottom
|   0|0x0000000081800000, 0x000000008188d4c8, 0x0000000081900000| 55%| O|  |TAMS 0x0000000081800000| PB 0x0000000081800000| Untracked |  0
|   1|0x0000000081900000, 0x0000000081900000, 0x0000000081a00000|  0%| F|  |TAMS 0x0000000081900000| PB 0x0000000081900000| Untracked |  0
|   2|0x0000000081a00000, 0x0000000081a00000, 0x0000000081b00000|  0%| F|  |TAMS 0x0000000081a00000| PB 0x0000000081a00000| Untracked |  0
|   3|0x0000000081b00000, 0x0000000081b00000, 0x0000000081c00000|  0%| F|  |TAMS 0x0000000081b00000| PB 0x0000000081b00000| Untracked |  0
|   4|0x0000000081c00000, 0x0000000081c00000, 0x0000000081d00000|  0%| F|  |TAMS 0x0000000081c00000| PB 0x0000000081c00000| Untracked |  0
|   5|0x0000000081d00000, 0x0000000081d00000, 0x0000000081e00000|  0%| F|  |TAMS 0x0000000081d00000| PB 0x0000000081d00000| Untracked |  0
|   6|0x0000000081e00000, 0x0000000081e00000, 0x0000000081f00000|  0%| F|  |TAMS 0x0000000081e00000| PB 0x0000000081e00000| Untracked |  0
|   7|0x0000000081f00000, 0x0000000081f00000, 0x0000000082000000|  0%| F|  |TAMS 0x0000000081f00000| PB 0x0000000081f00000| Untracked |  0
|   8|0x0000000082000000, 0x0000000082000000, 0x0000000082100000|  0%| F|  |TAMS 0x0000000082000000| PB 0x0000000082000000| Untracked |  0
|   9|0x0000000082100000, 0x0000000082100000, 0x0000000082200000|  0%| F|  |TAMS 0x0000000082100000| PB 0x0000000082100000| Untracked |  0
|  10|0x0000000082200000, 0x0000000082200000, 0x0000000082300000|  0%| F|  |TAMS 0x0000000082200000| PB 0x0000000082200000| Untracked |  0
|  11|0x0000000082300000, 0x0000000082300000, 0x0000000082400000|  0%| F|  |TAMS 0x0000000082300000| PB 0x0000000082300000| Untracked |  0
|  12|0x0000000082400000, 0x0000000082400000, 0x0000000082500000|  0%| F|  |TAMS 0x0000000082400000| PB 0x0000000082400000| Untracked |  0
|  13|0x0000000082500000, 0x0000000082500000, 0x0000000082600000|  0%| F|  |TAMS 0x0000000082500000| PB 0x0000000082500000| Untracked |  0
|  14|0x0000000082600000, 0x0000000082600000, 0x0000000082700000|  0%| F|  |TAMS 0x0000000082600000| PB 0x0000000082600000| Untracked |  0
|  15|0x0000000082700000, 0x0000000082700000, 0x0000000082800000|  0%| F|  |TAMS 0x0000000082700000| PB 0x0000000082700000| Untracked |  0
|  16|0x0000000082800000, 0x0000000082800000, 0x0000000082900000|  0%| F|  |TAMS 0x0000000082800000| PB 0x0000000082800000| Untracked |  0
|  17|0x0000000082900000, 0x0000000082900000, 0x0000000082a00000|  0%| F|  |TAMS 0x0000000082900000| PB 0x0000000082900000| Untracked |  0
|  18|0x0000000082a00000, 0x0000000082a00000, 0x0000000082b00000|  0%| F|  |TAMS 0x0000000082a00000| PB 0x0000000082a00000| Untracked |  0
|  19|0x0000000082b00000, 0x0000000082b00000, 0x0000000082c00000|  0%| F|  |TAMS 0x0000000082b00000| PB 0x0000000082b00000| Untracked |  0
|  20|0x0000000082c00000, 0x0000000082c00000, 0x0000000082d00000|  0%| F|  |TAMS 0x0000000082c00000| PB 0x0000000082c00000| Untracked |  0
|  21|0x0000000082d00000, 0x0000000082d00000, 0x0000000082e00000|  0%| F|  |TAMS 0x0000000082d00000| PB 0x0000000082d00000| Untracked |  0
|  22|0x0000000082e00000, 0x0000000082e00000, 0x0000000082f00000|  0%| F|  |TAMS 0x0000000082e00000| PB 0x0000000082e00000| Untracked |  0
|  23|0x0000000082f00000, 0x0000000082f00000, 0x0000000083000000|  0%| F|  |TAMS 0x0000000082f00000| PB 0x0000000082f00000| Untracked |  0
|  24|0x0000000083000000, 0x0000000083000000, 0x0000000083100000|  0%| F|  |TAMS 0x0000000083000000| PB 0x0000000083000000| Untracked |  0
|  25|0x0000000083100000, 0x0000000083100000, 0x0000000083200000|  0%| F|  |TAMS 0x0000000083100000| PB 0x0000000083100000| Untracked |  0
|  26|0x0000000083200000, 0x0000000083200000, 0x0000000083300000|  0%| F|  |TAMS 0x0000000083200000| PB 0x0000000083200000| Untracked |  0
|  27|0x0000000083300000, 0x0000000083300000, 0x0000000083400000|  0%| F|  |TAMS 0x0000000083300000| PB 0x0000000083300000| Untracked |  0
|  28|0x0000000083400000, 0x0000000083400000, 0x0000000083500000|  0%| F|  |TAMS 0x0000000083400000| PB 0x0000000083400000| Untracked |  0
|  29|0x0000000083500000, 0x0000000083500000, 0x0000000083600000|  0%| F|  |TAMS 0x0000000083500000| PB 0x0000000083500000| Untracked |  0
|  30|0x0000000083600000, 0x0000000083600000, 0x0000000083700000|  0%| F|  |TAMS 0x0000000083600000| PB 0x0000000083600000| Untracked |  0
|  31|0x0000000083700000, 0x0000000083700000, 0x0000000083800000|  0%| F|  |TAMS 0x0000000083700000| PB 0x0000000083700000| Untracked |  0
|  32|0x0000000083800000, 0x0000000083800000, 0x0000000083900000|  0%| F|  |TAMS 0x0000000083800000| PB 0x0000000083800000| Untracked |  0
|  33|0x0000000083900000, 0x0000000083900000, 0x0000000083a00000|  0%| F|  |TAMS 0x0000000083900000| PB 0x0000000083900000| Untracked |  0
|  34|0x0000000083a00000, 0x0000000083a00000, 0x0000000083b00000|  0%| F|  |TAMS 0x0000000083a00000| PB 0x0000000083a00000| Untracked |  0
|  35|0x0000000083b00000, 0x0000000083b00000, 0x0000000083c00000|  0%| F|  |TAMS 0x0000000083b00000| PB 0x0000000083b00000| Untracked |  0
|  36|0x0000000083c00000, 0x0000000083c00000, 0x0000000083d00000|  0%| F|  |TAMS 0x0000000083c00000| PB 0x0000000083c00000| Untracked |  0
|  37|0x0000000083d00000, 0x0000000083d00000, 0x0000000083e00000|  0%| F|  |TAMS 0x0000000083d00000| PB 0x0000000083d00000| Untracked |  0
|  38|0x0000000083e00000, 0x0000000083e00000, 0x0000000083f00000|  0%| F|  |TAMS 0x0000000083e00000| PB 0x0000000083e00000| Untracked |  0
|  39|0x0000000083f00000, 0x0000000083f00000, 0x0000000084000000|  0%| F|  |TAMS 0x0000000083f00000| PB 0x0000000083f00000| Untracked |  0
|  40|0x0000000084000000, 0x0000000084000000, 0x0000000084100000|  0%| F|  |TAMS 0x0000000084000000| PB 0x0000000084000000| Untracked |  0
|  41|0x0000000084100000, 0x0000000084100000, 0x0000000084200000|  0%| F|  |TAMS 0x0000000084100000| PB 0x0000000084100000| Untracked |  0
|  42|0x0000000084200000, 0x0000000084200000, 0x0000000084300000|  0%| F|  |TAMS 0x0000000084200000| PB 0x0000000084200000| Untracked |  0
|  43|0x0000000084300000, 0x0000000084300000, 0x0000000084400000|  0%| F|  |TAMS 0x0000000084300000| PB 0x0000000084300000| Untracked |  0
|  44|0x0000000084400000, 0x0000000084400000, 0x0000000084500000|  0%| F|  |TAMS 0x0000000084400000| PB 0x0000000084400000| Untracked |  0
|  45|0x0000000084500000, 0x0000000084500000, 0x0000000084600000|  0%| F|  |TAMS 0x0000000084500000| PB 0x0000000084500000| Untracked |  0
|  46|0x0000000084600000, 0x0000000084600000, 0x0000000084700000|  0%| F|  |TAMS 0x0000000084600000| PB 0x0000000084600000| Untracked |  0
|  47|0x0000000084700000, 0x0000000084700000, 0x0000000084800000|  0%| F|  |TAMS 0x0000000084700000| PB 0x0000000084700000| Untracked |  0
|  48|0x0000000084800000, 0x0000000084800000, 0x0000000084900000|  0%| F|  |TAMS 0x0000000084800000| PB 0x0000000084800000| Untracked |  0
|  49|0x0000000084900000, 0x0000000084900000, 0x0000000084a00000|  0%| F|  |TAMS 0x0000000084900000| PB 0x0000000084900000| Untracked |  0
|  50|0x0000000084a00000, 0x0000000084a00000, 0x0000000084b00000|  0%| F|  |TAMS 0x0000000084a00000| PB 0x0000000084a00000| Untracked |  0
|  51|0x0000000084b00000, 0x0000000084b00000, 0x0000000084c00000|  0%| F|  |TAMS 0x0000000084b00000| PB 0x0000000084b00000| Untracked |  0
|  52|0x0000000084c00000, 0x0000000084c00000, 0x0000000084d00000|  0%| F|  |TAMS 0x0000000084c00000| PB 0x0000000084c00000| Untracked |  0
|  53|0x0000000084d00000, 0x0000000084d00000, 0x0000000084e00000|  0%| F|  |TAMS 0x0000000084d00000| PB 0x0000000084d00000| Untracked |  0
|  54|0x0000000084e00000, 0x0000000084e00000, 0x0000000084f00000|  0%| F|  |TAMS 0x0000000084e00000| PB 0x0000000084e00000| Untracked |  0
|  55|0x0000000084f00000, 0x0000000084f00000, 0x0000000085000000|  0%| F|  |TAMS 0x0000000084f00000| PB 0x0000000084f00000| Untracked |  0
|  56|0x0000000085000000, 0x0000000085000000, 0x0000000085100000|  0%| F|  |TAMS 0x0000000085000000| PB 0x0000000085000000| Untracked |  0
|  57|0x0000000085100000, 0x0000000085100000, 0x0000000085200000|  0%| F|  |TAMS 0x0000000085100000| PB 0x0000000085100000| Untracked |  0
|  58|0x0000000085200000, 0x0000000085200000, 0x0000000085300000|  0%| F|  |TAMS 0x0000000085200000| PB 0x0000000085200000| Untracked |  0
|  59|0x0000000085300000, 0x0000000085300000, 0x0000000085400000|  0%| F|  |TAMS 0x0000000085300000| PB 0x0000000085300000| Untracked |  0
|  60|0x0000000085400000, 0x0000000085400000, 0x0000000085500000|  0%| F|  |TAMS 0x0000000085400000| PB 0x0000000085400000| Untracked |  0
|  61|0x0000000085500000, 0x0000000085500000, 0x0000000085600000|  0%| F|  |TAMS 0x0000000085500000| PB 0x0000000085500000| Untracked |  0
|  62|0x0000000085600000, 0x0000000085600000, 0x0000000085700000|  0%| F|  |TAMS 0x0000000085600000| PB 0x0000000085600000| Untracked |  0
|  63|0x0000000085700000, 0x0000000085700000, 0x0000000085800000|  0%| F|  |TAMS 0x0000000085700000| PB 0x0000000085700000| Untracked |  0
|  64|0x0000000085800000, 0x0000000085800000, 0x0000000085900000|  0%| F|  |TAMS 0x0000000085800000| PB 0x0000000085800000| Untracked |  0
|  65|0x0000000085900000, 0x0000000085900000, 0x0000000085a00000|  0%| F|  |TAMS 0x0000000085900000| PB 0x0000000085900000| Untracked |  0
|  66|0x0000000085a00000, 0x0000000085a00000, 0x0000000085b00000|  0%| F|  |TAMS 0x0000000085a00000| PB 0x0000000085a00000| Untracked |  0
|  67|0x0000000085b00000, 0x0000000085b00000, 0x0000000085c00000|  0%| F|  |TAMS 0x0000000085b00000| PB 0x0000000085b00000| Untracked |  0
|  68|0x0000000085c00000, 0x0000000085c00000, 0x0000000085d00000|  0%| F|  |TAMS 0x0000000085c00000| PB 0x0000000085c00000| Untracked |  0
|  69|0x0000000085d00000, 0x0000000085d00000, 0x0000000085e00000|  0%| F|  |TAMS 0x0000000085d00000| PB 0x0000000085d00000| Untracked |  0
|  70|0x0000000085e00000, 0x0000000085e00000, 0x0000000085f00000|  0%| F|  |TAMS 0x0000000085e00000| PB 0x0000000085e00000| Untracked |  0
|  71|0x0000000085f00000, 0x0000000085f00000, 0x0000000086000000|  0%| F|  |TAMS 0x0000000085f00000| PB 0x0000000085f00000| Untracked |  0
|  72|0x0000000086000000, 0x0000000086000000, 0x0000000086100000|  0%| F|  |TAMS 0x0000000086000000| PB 0x0000000086000000| Untracked |  0
|  73|0x0000000086100000, 0x0000000086100000, 0x0000000086200000|  0%| F|  |TAMS 0x0000000086100000| PB 0x0000000086100000| Untracked |  0
|  74|0x0000000086200000, 0x0000000086200000, 0x0000000086300000|  0%| F|  |TAMS 0x0000000086200000| PB 0x0000000086200000| Untracked |  0
|  75|0x0000000086300000, 0x0000000086300000, 0x0000000086400000|  0%| F|  |TAMS 0x0000000086300000| PB 0x0000000086300000| Untracked |  0
|  76|0x0000000086400000, 0x0000000086400000, 0x0000000086500000|  0%| F|  |TAMS 0x0000000086400000| PB 0x0000000086400000| Untracked |  0
|  77|0x0000000086500000, 0x0000000086500000, 0x0000000086600000|  0%| F|  |TAMS 0x0000000086500000| PB 0x0000000086500000| Untracked |  0
|  78|0x0000000086600000, 0x0000000086600000, 0x0000000086700000|  0%| F|  |TAMS 0x0000000086600000| PB 0x0000000086600000| Untracked |  0
|  79|0x0000000086700000, 0x0000000086700000, 0x0000000086800000|  0%| F|  |TAMS 0x0000000086700000| PB 0x0000000086700000| Untracked |  0
|  80|0x0000000086800000, 0x0000000086800000, 0x0000000086900000|  0%| F|  |TAMS 0x0000000086800000| PB 0x0000000086800000| Untracked |  0
|  81|0x0000000086900000, 0x0000000086900000, 0x0000000086a00000|  0%| F|  |TAMS 0x0000000086900000| PB 0x0000000086900000| Untracked |  0
|  82|0x0000000086a00000, 0x0000000086a00000, 0x0000000086b00000|  0%| F|  |TAMS 0x0000000086a00000| PB 0x0000000086a00000| Untracked |  0
|  83|0x0000000086b00000, 0x0000000086b00000, 0x0000000086c00000|  0%| F|  |TAMS 0x0000000086b00000| PB 0x0000000086b00000| Untracked |  0
|  84|0x0000000086c00000, 0x0000000086c00000, 0x0000000086d00000|  0%| F|  |TAMS 0x0000000086c00000| PB 0x0000000086c00000| Untracked |  0
|  85|0x0000000086d00000, 0x0000000086d00000, 0x0000000086e00000|  0%| F|  |TAMS 0x0000000086d00000| PB 0x0000000086d00000| Untracked |  0
|  86|0x0000000086e00000, 0x0000000086e00000, 0x0000000086f00000|  0%| F|  |TAMS 0x0000000086e00000| PB 0x0000000086e00000| Untracked |  0
|  87|0x0000000086f00000, 0x0000000086f00000, 0x0000000087000000|  0%| F|  |TAMS 0x0000000086f00000| PB 0x0000000086f00000| Untracked |  0
|  88|0x0000000087000000, 0x0000000087000000, 0x0000000087100000|  0%| F|  |TAMS 0x0000000087000000| PB 0x0000000087000000| Untracked |  0
|  89|0x0000000087100000, 0x0000000087100000, 0x0000000087200000|  0%| F|  |TAMS 0x0000000087100000| PB 0x0000000087100000| Untracked |  0
|  90|0x0000000087200000, 0x0000000087200000, 0x0000000087300000|  0%| F|  |TAMS 0x0000000087200000| PB 0x0000000087200000| Untracked |  0
|  91|0x0000000087300000, 0x0000000087300000, 0x0000000087400000|  0%| F|  |TAMS 0x0000000087300000| PB 0x0000000087300000| Untracked |  0
|  92|0x0000000087400000, 0x0000000087400000, 0x0000000087500000|  0%| F|  |TAMS 0x0000000087400000| PB 0x0000000087400000| Untracked |  0
|  93|0x0000000087500000, 0x0000000087500000, 0x0000000087600000|  0%| F|  |TAMS 0x0000000087500000| PB 0x0000000087500000| Untracked |  0
|  94|0x0000000087600000, 0x0000000087600000, 0x0000000087700000|  0%| F|  |TAMS 0x0000000087600000| PB 0x0000000087600000| Untracked |  0
|  95|0x0000000087700000, 0x0000000087700000, 0x0000000087800000|  0%| F|  |TAMS 0x0000000087700000| PB 0x0000000087700000| Untracked |  0
|  96|0x0000000087800000, 0x0000000087900000, 0x0000000087900000|100%| S|CS|TAMS 0x0000000087800000| PB 0x0000000087800000| Complete |  0
|  97|0x0000000087900000, 0x0000000087a00000, 0x0000000087a00000|100%| S|CS|TAMS 0x0000000087900000| PB 0x0000000087900000| Complete |  0
|  98|0x0000000087a00000, 0x0000000087b00000, 0x0000000087b00000|100%| S|CS|TAMS 0x0000000087a00000| PB 0x0000000087a00000| Complete |  0
|  99|0x0000000087b00000, 0x0000000087c00000, 0x0000000087c00000|100%| S|CS|TAMS 0x0000000087b00000| PB 0x0000000087b00000| Complete |  0
| 100|0x0000000087c00000, 0x0000000087c00000, 0x0000000087d00000|  0%| F|  |TAMS 0x0000000087c00000| PB 0x0000000087c00000| Untracked |  0
| 101|0x0000000087d00000, 0x0000000087d00000, 0x0000000087e00000|  0%| F|  |TAMS 0x0000000087d00000| PB 0x0000000087d00000| Untracked |  0
| 102|0x0000000087e00000, 0x0000000087e00000, 0x0000000087f00000|  0%| F|  |TAMS 0x0000000087e00000| PB 0x0000000087e00000| Untracked |  0
| 103|0x0000000087f00000, 0x0000000087f00000, 0x0000000088000000|  0%| F|  |TAMS 0x0000000087f00000| PB 0x0000000087f00000| Untracked |  0
| 104|0x0000000088000000, 0x0000000088000000, 0x0000000088100000|  0%| F|  |TAMS 0x0000000088000000| PB 0x0000000088000000| Untracked |  0
| 105|0x0000000088100000, 0x0000000088100000, 0x0000000088200000|  0%| F|  |TAMS 0x0000000088100000| PB 0x0000000088100000| Untracked |  0
| 106|0x0000000088200000, 0x0000000088200000, 0x0000000088300000|  0%| F|  |TAMS 0x0000000088200000| PB 0x0000000088200000| Untracked |  0
| 107|0x0000000088300000, 0x0000000088300000, 0x0000000088400000|  0%| F|  |TAMS 0x0000000088300000| PB 0x0000000088300000| Untracked |  0
| 108|0x0000000088400000, 0x0000000088400000, 0x0000000088500000|  0%| F|  |TAMS 0x0000000088400000| PB 0x0000000088400000| Untracked |  0
| 109|0x0000000088500000, 0x0000000088500000, 0x0000000088600000|  0%| F|  |TAMS 0x0000000088500000| PB 0x0000000088500000| Untracked |  0
| 110|0x0000000088600000, 0x0000000088600000, 0x0000000088700000|  0%| F|  |TAMS 0x0000000088600000| PB 0x0000000088600000| Untracked |  0
| 111|0x0000000088700000, 0x0000000088700000, 0x0000000088800000|  0%| F|  |TAMS 0x0000000088700000| PB 0x0000000088700000| Untracked |  0
| 112|0x0000000088800000, 0x0000000088800000, 0x0000000088900000|  0%| F|  |TAMS 0x0000000088800000| PB 0x0000000088800000| Untracked |  0
| 113|0x0000000088900000, 0x0000000088900000, 0x0000000088a00000|  0%| F|  |TAMS 0x0000000088900000| PB 0x0000000088900000| Untracked |  0
| 114|0x0000000088a00000, 0x0000000088a00000, 0x0000000088b00000|  0%| F|  |TAMS 0x0000000088a00000| PB 0x0000000088a00000| Untracked |  0
| 115|0x0000000088b00000, 0x0000000088b00000, 0x0000000088c00000|  0%| F|  |TAMS 0x0000000088b00000| PB 0x0000000088b00000| Untracked |  0
| 116|0x0000000088c00000, 0x0000000088c00000, 0x0000000088d00000|  0%| F|  |TAMS 0x0000000088c00000| PB 0x0000000088c00000| Untracked |  0
| 117|0x0000000088d00000, 0x0000000088d00000, 0x0000000088e00000|  0%| F|  |TAMS 0x0000000088d00000| PB 0x0000000088d00000| Untracked |  0
| 118|0x0000000088e00000, 0x0000000088e00000, 0x0000000088f00000|  0%| F|  |TAMS 0x0000000088e00000| PB 0x0000000088e00000| Untracked |  0
| 119|0x0000000088f00000, 0x0000000088f00000, 0x0000000089000000|  0%| F|  |TAMS 0x0000000088f00000| PB 0x0000000088f00000| Untracked |  0
| 120|0x0000000089000000, 0x0000000089000000, 0x0000000089100000|  0%| F|  |TAMS 0x0000000089000000| PB 0x0000000089000000| Untracked |  0
| 121|0x0000000089100000, 0x0000000089100000, 0x0000000089200000|  0%| F|  |TAMS 0x0000000089100000| PB 0x0000000089100000| Untracked |  0
| 122|0x0000000089200000, 0x0000000089200000, 0x0000000089300000|  0%| F|  |TAMS 0x0000000089200000| PB 0x0000000089200000| Untracked |  0
| 123|0x0000000089300000, 0x0000000089300000, 0x0000000089400000|  0%| F|  |TAMS 0x0000000089300000| PB 0x0000000089300000| Untracked |  0
| 124|0x0000000089400000, 0x0000000089400000, 0x0000000089500000|  0%| F|  |TAMS 0x0000000089400000| PB 0x0000000089400000| Untracked |  0
| 125|0x0000000089500000, 0x00000000895ad5a0, 0x0000000089600000| 67%| E|  |TAMS 0x0000000089500000| PB 0x0000000089500000| Complete |  0
| 126|0x0000000089600000, 0x0000000089700000, 0x0000000089700000|100%| E|CS|TAMS 0x0000000089600000| PB 0x0000000089600000| Complete |  0
| 127|0x0000000089700000, 0x0000000089800000, 0x0000000089800000|100%| E|CS|TAMS 0x0000000089700000| PB 0x0000000089700000| Complete |  0
|2022|0x00000000ffe00000, 0x00000000fff00000, 0x00000000fff00000|100%| O|  |TAMS 0x00000000ffe00000| PB 0x00000000ffe00000| Untracked |  0
|2023|0x00000000fff00000, 0x00000000fff1c348, 0x0000000100000000| 11%| O|  |TAMS 0x00000000fff00000| PB 0x00000000fff00000| Untracked |  0

Card table byte_map: [0x0000023bf1ef0000,0x0000023bf22f0000] _byte_map_base: 0x0000023bf1ae4000

Marking Bits: (CMBitMap*) 0x0000023bda28e060
 Bits: [0x0000023bf22f0000, 0x0000023bf4290000)

Polling page: 0x0000023bd8220000

Metaspace:

Usage:
  Non-class:      7.46 MB used.
      Class:    738.97 KB used.
       Both:      8.18 MB used.

Virtual space:
  Non-class space:       64.00 MB reserved,       7.56 MB ( 12%) committed,  1 nodes.
      Class space:        1.00 GB reserved,     896.00 KB ( <1%) committed,  1 nodes.
             Both:        1.06 GB reserved,       8.44 MB ( <1%) committed. 

Chunk freelists:
   Non-Class:  8.45 MB
       Class:  15.17 MB
        Both:  23.61 MB

MaxMetaspaceSize: unlimited
CompressedClassSpaceSize: 1.00 GB
Initial GC threshold: 21.00 MB
Current GC threshold: 21.00 MB
CDS: on
 - commit_granule_bytes: 65536.
 - commit_granule_words: 8192.
 - virtual_space_node_default_size: 8388608.
 - enlarge_chunks_in_place: 1.
UseCompressedClassPointers 1, UseCompactObjectHeaders 0
Narrow klass pointer bits 32, Max shift 3
Narrow klass base: 0x0000023b80000000, Narrow klass shift: 0
Encoding Range: [0x0000023b80000000 - 0x0000023c80000000), (4294967296 bytes)
Klass Range:    [0x0000023b80000000 - 0x0000023bc1000000), (1090519040 bytes)
Klass ID Range:  [8 - 1090519033) (1090519025)


Internal statistics:

num_allocs_failed_limit: 0.
num_arena_births: 216.
num_arena_deaths: 0.
num_vsnodes_births: 2.
num_vsnodes_deaths: 0.
num_space_committed: 135.
num_space_uncommitted: 0.
num_chunks_returned_to_freelist: 0.
num_chunks_taken_from_freelist: 283.
num_chunk_merges: 0.
num_chunk_splits: 174.
num_chunks_enlarged: 81.
num_inconsistent_stats: 0.

CodeHeap 'non-profiled nmethods': size=120064Kb used=696Kb max_used=696Kb free=119367Kb
 bounds [0x0000023bea5b0000, 0x0000023bea820000, 0x0000023bf1af0000]
CodeHeap 'profiled nmethods': size=120000Kb used=3380Kb max_used=3380Kb free=116619Kb
 bounds [0x0000023be2af0000, 0x0000023be2e40000, 0x0000023bea020000]
CodeHeap 'non-nmethods': size=5696Kb used=1336Kb max_used=1398Kb free=4359Kb
 bounds [0x0000023bea020000, 0x0000023bea290000, 0x0000023bea5b0000]
CodeCache: size=245760Kb, used=5412Kb, max_used=5474Kb, free=240345Kb
 total_blobs=2747, nmethods=2244, adapters=408, full_count=0
Compilation: enabled, stopped_count=0, restarted_count=0

Compilation events (20 events):
Event: 92.033 Thread 0x0000023bf6862400 nmethod 2238 0x0000023be2e3a008 code [0x0000023be2e3a2a0, 0x0000023be2e3b6d0]
Event: 92.035 Thread 0x0000023bc53a4900 nmethod 2214 0x0000023bea656a88 code [0x0000023bea656bc0, 0x0000023bea6570a8]
Event: 92.035 Thread 0x0000023bc53a4900 2215  s    4       java.io.DataOutputStream::write (14 bytes)
Event: 92.037 Thread 0x0000023bf6862400 2239       1       jdk.jfr.internal.periodic.EventTask::getEventType (5 bytes)
Event: 92.037 Thread 0x0000023bf6862400 nmethod 2239 0x0000023bea657108 code [0x0000023bea657200, 0x0000023bea6572c8]
Event: 92.037 Thread 0x0000023bf6862400 2240       1       jdk.jfr.internal.periodic.PeriodicTask::getPeriod (5 bytes)
Event: 92.038 Thread 0x0000023bf6862400 nmethod 2240 0x0000023bea657408 code [0x0000023bea657500, 0x0000023bea6575c8]
Event: 92.038 Thread 0x0000023bf6862400 2242   !   3       java.lang.ref.ReferenceQueue::poll (58 bytes)
Event: 92.039 Thread 0x0000023bf6862400 nmethod 2242 0x0000023be2e3b788 code [0x0000023be2e3b920, 0x0000023be2e3c110]
Event: 92.039 Thread 0x0000023bf6862400 2241       3       java.lang.ref.ReferenceQueue::poll0 (65 bytes)
Event: 92.039 Thread 0x0000023bf6862400 nmethod 2241 0x0000023be2e3c188 code [0x0000023be2e3c2c0, 0x0000023be2e3c780]
Event: 92.039 Thread 0x0000023bf6862400 2243       3       java.util.Comparator$$Lambda/0x0000023b810e19c8::compare (10 bytes)
Event: 92.040 Thread 0x0000023bf6862400 nmethod 2243 0x0000023be2e3c808 code [0x0000023be2e3c960, 0x0000023be2e3cdd0]
Event: 92.040 Thread 0x0000023bc53a4900 nmethod 2215 0x0000023bea657708 code [0x0000023bea657860, 0x0000023bea658030]
Event: 92.040 Thread 0x0000023bc53a4900 2216       4       jdk.jfr.internal.MetadataWriter::writeInt (148 bytes)
Event: 92.040 Thread 0x0000023bf6862400 2244       3       java.util.Comparator::lambda$comparingLong$6043328a$1 (18 bytes)
Event: 92.040 Thread 0x0000023bf6862400 nmethod 2244 0x0000023be2e3ce08 code [0x0000023be2e3cf60, 0x0000023be2e3d340]
Event: 92.055 Thread 0x0000023bc53a4900 nmethod 2216 0x0000023bea658088 code [0x0000023bea658280, 0x0000023bea659a40]
Event: 92.056 Thread 0x0000023bc53a4900 2219       4       java.util.LinkedHashMap::get (29 bytes)
Event: 92.066 Thread 0x0000023bc53a4900 nmethod 2219 0x0000023bea659b08 code [0x0000023bea659c60, 0x0000023bea65a1f8]

GC Heap History (2 events):
Event: 91.989 GC heap before
{Heap before GC invocations=0 (full 0):
 garbage-first heap   total reserved 2072576K, committed 133120K, used 29808K [0x0000000081800000, 0x0000000100000000)
  region size 1024K, 28 young (28672K), 0 survivors (0K)
 Metaspace       used 8319K, committed 8576K, reserved 1114112K
  class space    used 732K, committed 896K, reserved 1048576K
}
Event: 92.000 GC heap after
{Heap after GC invocations=1 (full 0):
 garbage-first heap   total reserved 2072576K, committed 133120K, used 5798K [0x0000000081800000, 0x0000000100000000)
  region size 1024K, 4 young (4096K), 4 survivors (4096K)
 Metaspace       used 8319K, committed 8576K, reserved 1114112K
  class space    used 732K, committed 896K, reserved 1048576K
}

Dll operation events (12 events):
Event: 0.027 Loaded shared library C:\Users\HP\.jdks\openjdk-24\bin\java.dll
Event: 0.078 Loaded shared library C:\Users\HP\.jdks\openjdk-24\bin\jsvml.dll
Event: 0.149 Loaded shared library C:\Users\HP\.jdks\openjdk-24\bin\zip.dll
Event: 0.153 Loaded shared library C:\Users\HP\.jdks\openjdk-24\bin\instrument.dll
Event: 0.160 Loaded shared library C:\Users\HP\.jdks\openjdk-24\bin\net.dll
Event: 0.163 Loaded shared library C:\Users\HP\.jdks\openjdk-24\bin\nio.dll
Event: 0.171 Loaded shared library C:\Users\HP\.jdks\openjdk-24\bin\zip.dll
Event: 0.228 Loaded shared library C:\Users\HP\.jdks\openjdk-24\bin\extnet.dll
Event: 0.269 Loaded shared library C:\Users\HP\.jdks\openjdk-24\bin\jimage.dll
Event: 0.368 Loaded shared library C:\Users\HP\.jdks\openjdk-24\bin\management.dll
Event: 0.384 Loaded shared library C:\Users\HP\.jdks\openjdk-24\bin\management_ext.dll
Event: 91.658 Loaded shared library C:\Users\HP\AppData\Local\Temp\idea_libasyncProfiler_dll_temp_folder\libasyncProfiler.dll

Deoptimization events (20 events):
Event: 91.865 Thread 0x0000023bf6856060 Uncommon trap: trap_request=0xffffff4d fr.pc=0x0000023bea642f58 relative=0x00000000000000b8
Event: 91.865 Thread 0x0000023bf6856060 Uncommon trap: reason=unstable_if action=reinterpret pc=0x0000023bea642f58 method=jdk.jfr.internal.Type.getKnownType(Ljava/lang/Class;)Ljdk/jfr/internal/Type; @ 47 c2
Event: 91.865 Thread 0x0000023bf6856060 DEOPT PACKING pc=0x0000023bea642f58 sp=0x000000d7113fe350
Event: 91.865 Thread 0x0000023bf6856060 DEOPT UNPACKING pc=0x0000023bea135882 sp=0x000000d7113fe2e8 mode 2
Event: 91.882 Thread 0x0000023bf6856060 Uncommon trap: trap_request=0xffffff4d fr.pc=0x0000023bea636560 relative=0x0000000000000320
Event: 91.882 Thread 0x0000023bf6856060 Uncommon trap: reason=unstable_if action=reinterpret pc=0x0000023bea636560 method=java.util.concurrent.ConcurrentHashMap.get(Ljava/lang/Object;)Ljava/lang/Object; @ 76 c2
Event: 91.882 Thread 0x0000023bf6856060 DEOPT PACKING pc=0x0000023bea636560 sp=0x000000d7113fe370
Event: 91.882 Thread 0x0000023bf6856060 DEOPT UNPACKING pc=0x0000023bea135882 sp=0x000000d7113fe2e8 mode 2
Event: 91.899 Thread 0x0000023bf6856060 Uncommon trap: trap_request=0xffffffcc fr.pc=0x0000023bea64607c relative=0x00000000000003bc
Event: 91.899 Thread 0x0000023bf6856060 Uncommon trap: reason=intrinsic_or_type_checked_inlining action=make_not_entrant pc=0x0000023bea64607c method=java.util.Arrays.copyOf([Ljava/lang/Object;ILjava/lang/Class;)[Ljava/lang/Object; @ 35 c2
Event: 91.899 Thread 0x0000023bf6856060 DEOPT PACKING pc=0x0000023bea64607c sp=0x000000d7113fe4d0
Event: 91.899 Thread 0x0000023bf6856060 DEOPT UNPACKING pc=0x0000023bea135882 sp=0x000000d7113fe460 mode 2
Event: 92.037 Thread 0x0000023bf6856060 Uncommon trap: trap_request=0xffffff4d fr.pc=0x0000023bea610a58 relative=0x0000000000000058
Event: 92.037 Thread 0x0000023bf6856060 Uncommon trap: reason=unstable_if action=reinterpret pc=0x0000023bea610a58 method=java.lang.ref.ReferenceQueue.poll()Ljava/lang/ref/Reference; @ 4 c2
Event: 92.037 Thread 0x0000023bf6856060 DEOPT PACKING pc=0x0000023bea610a58 sp=0x000000d7113fde60
Event: 92.037 Thread 0x0000023bf6856060 DEOPT UNPACKING pc=0x0000023bea135882 sp=0x000000d7113fddd0 mode 2
Event: 92.038 Thread 0x0000023bf6856060 Uncommon trap: trap_request=0xffffff4d fr.pc=0x0000023bea60c2ac relative=0x00000000000000ac
Event: 92.038 Thread 0x0000023bf6856060 Uncommon trap: reason=unstable_if action=reinterpret pc=0x0000023bea60c2ac method=java.lang.ref.SoftReference.get()Ljava/lang/Object; @ 17 c2
Event: 92.038 Thread 0x0000023bf6856060 DEOPT PACKING pc=0x0000023bea60c2ac sp=0x000000d7113fd780
Event: 92.038 Thread 0x0000023bf6856060 DEOPT UNPACKING pc=0x0000023bea135882 sp=0x000000d7113fd710 mode 2

Classes loaded (20 events):
Event: 91.980 Loading class jdk/jfr/internal/MetadataWriter
Event: 91.980 Loading class jdk/jfr/internal/MetadataWriter done
Event: 91.980 Loading class jdk/jfr/internal/MetadataDescriptor$Element
Event: 91.980 Loading class jdk/jfr/internal/MetadataDescriptor$Element done
Event: 91.981 Loading class jdk/jfr/internal/MetadataDescriptor$Attribute
Event: 91.981 Loading class jdk/jfr/internal/MetadataDescriptor$Attribute done
Event: 92.005 Loading class jdk/jfr/internal/consumer/StringParser$Encoding
Event: 92.005 Loading class jdk/jfr/internal/consumer/StringParser$Encoding done
Event: 92.022 Loading class jdk/jfr/internal/consumer/RepositoryFiles
Event: 92.023 Loading class jdk/jfr/internal/consumer/RepositoryFiles done
Event: 92.026 Loading class jdk/jfr/internal/SettingsManager$InternalSetting
Event: 92.026 Loading class jdk/jfr/internal/SettingsManager$InternalSetting done
Event: 92.028 Loading class jdk/jfr/internal/util/Rate
Event: 92.029 Loading class jdk/jfr/internal/util/Rate done
Event: 92.029 Loading class jdk/jfr/internal/util/TimespanUnit
Event: 92.029 Loading class jdk/jfr/internal/util/TimespanUnit done
Event: 92.029 Loading class jdk/jfr/internal/util/ValueParser
Event: 92.029 Loading class jdk/jfr/internal/util/ValueParser done
Event: 92.032 Loading class jdk/jfr/internal/periodic/PeriodicType
Event: 92.032 Loading class jdk/jfr/internal/periodic/PeriodicType done

Classes unloaded (0 events):
No events

Classes redefined (0 events):
No events

Internal exceptions (20 events):
Event: 0.881 Thread 0x0000023bc5cd7850 Exception <a 'java/lang/NoSuchMethodError'{0x00000000889f2a90}: 'java.lang.Object java.lang.invoke.DirectMethodHandle$Holder.invokeStatic(java.lang.Object, java.lang.Object, java.lang.Object, java.lang.Object, java.lang.Object, java.lang.Object, java.lang.Object, java.lang.Object)'> (0x00000000889f2a90) 
thrown [s\open\src\hotspot\share\interpreter\linkResolver.cpp, line 805]
Event: 0.886 Thread 0x0000023bc5cd7850 Exception <a 'java/lang/NoSuchMethodError'{0x00000000888166d8}: 'java.lang.Object java.lang.invoke.DirectMethodHandle$Holder.invokeStatic(java.lang.Object, java.lang.Object, java.lang.Object, java.lang.Object, java.lang.Object, java.lang.Object, java.lang.Object, java.lang.Object, java.lang.Object)'> (0x00000000888166d8) 
thrown [s\open\src\hotspot\share\interpreter\linkResolver.cpp, line 805]
Event: 0.889 Thread 0x0000023bc5cd7850 Exception <a 'java/lang/NoSuchMethodError'{0x0000000088829b88}: 'java.lang.Object java.lang.invoke.Invokers$Holder.invokeExact_MT(java.lang.Object, java.lang.Object, java.lang.Object, java.lang.Object, java.lang.Object, java.lang.Object)'> (0x0000000088829b88) 
thrown [s\open\src\hotspot\share\interpreter\linkResolver.cpp, line 805]
Event: 0.892 Thread 0x0000023bc5cd7850 Exception <a 'java/lang/NoSuchMethodError'{0x00000000888358c8}: 'java.lang.Object java.lang.invoke.DirectMethodHandle$Holder.invokeInterface(java.lang.Object, java.lang.Object, java.lang.Object, java.lang.Object, java.lang.Object)'> (0x00000000888358c8) 
thrown [s\open\src\hotspot\share\interpreter\linkResolver.cpp, line 805]
Event: 0.902 Thread 0x0000023bc5cd7850 Exception <a 'java/lang/NoSuchMethodError'{0x0000000088880520}: 'double java.lang.invoke.DirectMethodHandle$Holder.invokeInterface(java.lang.Object, java.lang.Object)'> (0x0000000088880520) 
thrown [s\open\src\hotspot\share\interpreter\linkResolver.cpp, line 805]
Event: 0.904 Thread 0x0000023bc5cd7850 Exception <a 'java/lang/NoSuchMethodError'{0x0000000088891760}: 'double java.lang.invoke.DelegatingMethodHandle$Holder.reinvoke_L(java.lang.Object, java.lang.Object)'> (0x0000000088891760) 
thrown [s\open\src\hotspot\share\interpreter\linkResolver.cpp, line 805]
Event: 1.154 Thread 0x0000023bc5cd7850 Exception <a 'java/lang/NoSuchMethodError'{0x00000000888b9390}: 'long java.lang.invoke.DirectMethodHandle$Holder.invokeVirtual(java.lang.Object, java.lang.Object)'> (0x00000000888b9390) 
thrown [s\open\src\hotspot\share\interpreter\linkResolver.cpp, line 805]
Event: 1.154 Thread 0x0000023bc5cd7850 Exception <a 'java/lang/NoSuchMethodError'{0x00000000888c1680}: 'java.lang.Object java.lang.invoke.DirectMethodHandle$Holder.invokeStatic(java.lang.Object, long)'> (0x00000000888c1680) 
thrown [s\open\src\hotspot\share\interpreter\linkResolver.cpp, line 805]
Event: 1.155 Thread 0x0000023bc5cd7850 Exception <a 'java/lang/NoSuchMethodError'{0x00000000888d1728}: 'long java.lang.invoke.DelegatingMethodHandle$Holder.reinvoke_L(java.lang.Object, java.lang.Object)'> (0x00000000888d1728) 
thrown [s\open\src\hotspot\share\interpreter\linkResolver.cpp, line 805]
Event: 91.701 Thread 0x0000023bf6856060 Implicit null exception at 0x0000023bea5d9a99 to 0x0000023bea5da43c
Event: 91.721 Thread 0x0000023bf6856060 Exception <a 'java/lang/NoSuchMethodError'{0x00000000884b1a50}: 'void java.lang.invoke.DirectMethodHandle$Holder.invokeStaticInit(java.lang.Object)'> (0x00000000884b1a50) 
thrown [s\open\src\hotspot\share\interpreter\linkResolver.cpp, line 805]
Event: 91.734 Thread 0x0000023bf6856060 Exception <a 'java/lang/NoSuchMethodError'{0x00000000883104d8}: 'java.lang.Object java.lang.invoke.DirectMethodHandle$Holder.newInvokeSpecial(java.lang.Object, java.lang.Object, java.lang.Object, java.lang.Object, java.lang.Object)'> (0x00000000883104d8) 
thrown [s\open\src\hotspot\share\interpreter\linkResolver.cpp, line 805]
Event: 91.799 Thread 0x0000023bf6856060 Exception <a 'java/lang/NoSuchMethodError'{0x00000000882a9088}: 'int java.lang.invoke.DirectMethodHandle$Holder.invokeStatic(java.lang.Object, java.lang.Object, java.lang.Object, java.lang.Object)'> (0x00000000882a9088) 
thrown [s\open\src\hotspot\share\interpreter\linkResolver.cpp, line 805]
Event: 91.958 Thread 0x0000023bf6856060 Exception <a 'java/lang/NoSuchMethodError'{0x0000000087eabfd8}: 'void java.lang.invoke.DirectMethodHandle$Holder.invokeSpecial(java.lang.Object, java.lang.Object, int)'> (0x0000000087eabfd8) 
thrown [s\open\src\hotspot\share\interpreter\linkResolver.cpp, line 805]
Event: 91.959 Thread 0x0000023bf6856060 Exception <a 'java/lang/NoSuchMethodError'{0x0000000087eb3bf8}: 'void java.lang.invoke.Invokers$Holder.invokeExact_MT(java.lang.Object, int, java.lang.Object)'> (0x0000000087eb3bf8) 
thrown [s\open\src\hotspot\share\interpreter\linkResolver.cpp, line 805]
Event: 91.961 Thread 0x0000023bf6856060 Exception <a 'java/lang/NoSuchMethodError'{0x0000000087ece458}: 'void java.lang.invoke.DirectMethodHandle$Holder.invokeStatic(java.lang.Object, java.lang.Object, int)'> (0x0000000087ece458) 
thrown [s\open\src\hotspot\share\interpreter\linkResolver.cpp, line 805]
Event: 91.962 Thread 0x0000023bf6856060 Exception <a 'java/lang/NoSuchMethodError'{0x0000000087edd360}: 'java.lang.Object java.lang.invoke.DirectMethodHandle$Holder.newInvokeSpecial(java.lang.Object, java.lang.Object, int)'> (0x0000000087edd360) 
thrown [s\open\src\hotspot\share\interpreter\linkResolver.cpp, line 805]
Event: 91.968 Thread 0x0000023bf6856060 Exception <a 'sun/nio/fs/WindowsException'{0x0000000087d91738}> (0x0000000087d91738) 
thrown [s\open\src\hotspot\share\prims\jni.cpp, line 518]
Event: 91.971 Thread 0x0000023bf6856060 Exception <a 'sun/nio/fs/WindowsException'{0x0000000087d9e518}> (0x0000000087d9e518) 
thrown [s\open\src\hotspot\share\prims\jni.cpp, line 518]
Event: 91.976 Thread 0x0000023bf6856060 Exception <a 'sun/nio/fs/WindowsException'{0x0000000087db01f8}> (0x0000000087db01f8) 
thrown [s\open\src\hotspot\share\prims\jni.cpp, line 518]

VM Operations (20 events):
Event: 0.125 Executing VM operation: HandshakeAllThreads (Deoptimize)
Event: 0.125 Executing VM operation: HandshakeAllThreads (Deoptimize) done
Event: 0.285 Executing VM operation: HandshakeAllThreads (Deoptimize)
Event: 0.285 Executing VM operation: HandshakeAllThreads (Deoptimize) done
Event: 0.708 Executing VM operation: HandshakeAllThreads (Deoptimize)
Event: 0.708 Executing VM operation: HandshakeAllThreads (Deoptimize) done
Event: 0.800 Executing VM operation: HandshakeAllThreads (Deoptimize)
Event: 0.800 Executing VM operation: HandshakeAllThreads (Deoptimize) done
Event: 0.856 Executing VM operation: HandshakeAllThreads (Deoptimize)
Event: 0.856 Executing VM operation: HandshakeAllThreads (Deoptimize) done
Event: 60.157 Executing VM operation: HandshakeAllThreads (HandshakeForDeflation)
Event: 60.157 Executing VM operation: HandshakeAllThreads (HandshakeForDeflation) done
Event: 60.158 Executing VM operation: RendezvousGCThreads
Event: 60.158 Executing VM operation: RendezvousGCThreads done
Event: 91.964 Executing VM operation: HandshakeAllThreads (Deoptimize)
Event: 91.964 Executing VM operation: HandshakeAllThreads (Deoptimize) done
Event: 91.989 Executing VM operation: G1CollectForAllocation (G1 Evacuation Pause)
Event: 92.000 Executing VM operation: G1CollectForAllocation (G1 Evacuation Pause) done
Event: 92.024 Executing VM operation: JFRSafepointClear
Event: 92.024 Executing VM operation: JFRSafepointClear done

Memory protections (0 events):
No events

Nmethod flushes (0 events):
No events

Events (20 events):
Event: 0.074 Thread 0x0000023bda234c90 Thread added: 0x0000023bf684e720
Event: 0.074 Thread 0x0000023bda234c90 Thread added: 0x0000023bf684f710
Event: 0.075 Thread 0x0000023bda234c90 Thread added: 0x0000023bf6854520
Event: 0.075 Thread 0x0000023bda234c90 Thread added: 0x0000023bf6856060
Event: 0.075 Thread 0x0000023bda234c90 Thread added: 0x0000023bf6857330
Event: 0.075 Thread 0x0000023bda234c90 Thread added: 0x0000023bf685bac0
Event: 0.075 Thread 0x0000023bda234c90 Thread added: 0x0000023bf685d0c0
Event: 0.075 Thread 0x0000023bda234c90 Thread added: 0x0000023bf6862400
Event: 0.114 Thread 0x0000023bda234c90 Thread added: 0x0000023bc503e8d0
Event: 0.208 Thread 0x0000023bda234c90 Thread added: 0x0000023bc51ed320
Event: 0.208 Thread 0x0000023bda234c90 Thread added: 0x0000023bc51efa70
Event: 0.301 Thread 0x0000023bf6862400 Thread added: 0x0000023bc52192c0
Event: 0.810 Thread 0x0000023bf6856060 Thread added: 0x0000023bc5cd7100
Event: 0.828 Thread 0x0000023bc5cd7100 Thread added: 0x0000023bc5cd7850
Event: 0.846 Thread 0x0000023bc5cd7850 Thread added: 0x0000023bc5cd6260
Event: 0.853 Thread 0x0000023bc5cd7850 Thread added: 0x0000023bc5cd69b0
Event: 1.150 Thread 0x0000023bc52192c0 Thread exited: 0x0000023bc52192c0
Event: 91.681 Thread 0x0000023bf685d0c0 Thread added: 0x0000023bc53a4900
Event: 91.715 Thread 0x0000023bf6856060 Thread added: 0x0000023bc5cd7fa0
Event: 91.963 Thread 0x0000023bf6856060 Thread added: 0x0000023bc5cd86f0


Dynamic libraries:
0x00007ff66b4e0000 - 0x00007ff66b4ee000 	C:\Users\HP\.jdks\openjdk-24\bin\java.exe
0x00007ffa80550000 - 0x00007ffa80748000 	C:\Windows\SYSTEM32\ntdll.dll
0x00007ffa7f150000 - 0x00007ffa7f20d000 	C:\Windows\System32\KERNEL32.DLL
0x00007ffa7e100000 - 0x00007ffa7e3ce000 	C:\Windows\System32\KERNELBASE.dll
0x00007ffa7dc70000 - 0x00007ffa7dd70000 	C:\Windows\System32\ucrtbase.dll
0x00007ffa77bf0000 - 0x00007ffa77c06000 	C:\Users\HP\.jdks\openjdk-24\bin\jli.dll
0x00007ffa76040000 - 0x00007ffa7605b000 	C:\Users\HP\.jdks\openjdk-24\bin\VCRUNTIME140.dll
0x00007ffa7efb0000 - 0x00007ffa7f150000 	C:\Windows\System32\USER32.dll
0x00007ffa7dde0000 - 0x00007ffa7de02000 	C:\Windows\System32\win32u.dll
0x00007ffa6e180000 - 0x00007ffa6e41a000 	C:\Windows\WinSxS\amd64_microsoft.windows.common-controls_6595b64144ccf1df_6.0.19041.1110_none_60b5254171f9507e\COMCTL32.dll
0x00007ffa7f940000 - 0x00007ffa7f96a000 	C:\Windows\System32\GDI32.dll
0x00007ffa7fa20000 - 0x00007ffa7fabe000 	C:\Windows\System32\msvcrt.dll
0x00007ffa7e4a0000 - 0x00007ffa7e5ab000 	C:\Windows\System32\gdi32full.dll
0x00007ffa7e400000 - 0x00007ffa7e49d000 	C:\Windows\System32\msvcp_win.dll
0x00007ffa7fba0000 - 0x00007ffa7fbd0000 	C:\Windows\System32\IMM32.DLL
0x00007ffa76030000 - 0x00007ffa7603c000 	C:\Users\HP\.jdks\openjdk-24\bin\vcruntime140_1.dll
0x00007ffa75fa0000 - 0x00007ffa7602e000 	C:\Users\HP\.jdks\openjdk-24\bin\msvcp140.dll
0x00007ffa33500000 - 0x00007ffa342a2000 	C:\Users\HP\.jdks\openjdk-24\bin\server\jvm.dll
0x00007ffa80290000 - 0x00007ffa8033e000 	C:\Windows\System32\ADVAPI32.dll
0x00007ffa7f210000 - 0x00007ffa7f2ac000 	C:\Windows\System32\sechost.dll
0x00007ffa800f0000 - 0x00007ffa80215000 	C:\Windows\System32\RPCRT4.dll
0x00007ffa80220000 - 0x00007ffa8028b000 	C:\Windows\System32\WS2_32.dll
0x00007ffa7d240000 - 0x00007ffa7d28b000 	C:\Windows\SYSTEM32\POWRPROF.dll
0x00007ffa6e420000 - 0x00007ffa6e447000 	C:\Windows\SYSTEM32\WINMM.dll
0x00007ffa747c0000 - 0x00007ffa747ca000 	C:\Windows\SYSTEM32\VERSION.dll
0x00007ffa7d0b0000 - 0x00007ffa7d0c2000 	C:\Windows\SYSTEM32\UMPDC.dll
0x00007ffa7c520000 - 0x00007ffa7c532000 	C:\Windows\SYSTEM32\kernel.appcore.dll
0x00007ffa75f90000 - 0x00007ffa75f9a000 	C:\Users\HP\.jdks\openjdk-24\bin\jimage.dll
0x00007ffa735b0000 - 0x00007ffa73794000 	C:\Windows\SYSTEM32\DBGHELP.DLL
0x00007ffa6d160000 - 0x00007ffa6d18c000 	C:\Windows\SYSTEM32\dbgcore.DLL
0x00007ffa7dec0000 - 0x00007ffa7df42000 	C:\Windows\System32\bcryptPrimitives.dll
0x00007ffa7abc0000 - 0x00007ffa7abcf000 	C:\Users\HP\.jdks\openjdk-24\bin\instrument.dll
0x00007ffa75f70000 - 0x00007ffa75f8e000 	C:\Users\HP\.jdks\openjdk-24\bin\java.dll
0x00007ffa7ed20000 - 0x00007ffa7ee4a000 	C:\Windows\System32\ole32.dll
0x00007ffa7fd80000 - 0x00007ffa800d4000 	C:\Windows\System32\combase.dll
0x00007ffa7e5d0000 - 0x00007ffa7ed13000 	C:\Windows\System32\SHELL32.dll
0x00007ffa7bcf0000 - 0x00007ffa7c485000 	C:\Windows\SYSTEM32\windows.storage.dll
0x00007ffa7d6d0000 - 0x00007ffa7d700000 	C:\Windows\SYSTEM32\Wldp.dll
0x00007ffa7f970000 - 0x00007ffa7fa1d000 	C:\Windows\System32\SHCORE.dll
0x00007ffa7ef40000 - 0x00007ffa7ef95000 	C:\Windows\System32\shlwapi.dll
0x00007ffa7dbb0000 - 0x00007ffa7dbcf000 	C:\Windows\SYSTEM32\profapi.dll
0x00007ffa59950000 - 0x00007ffa59a27000 	C:\Users\HP\.jdks\openjdk-24\bin\jsvml.dll
0x00007ffa75f20000 - 0x00007ffa75f37000 	C:\Users\HP\.jdks\openjdk-24\bin\zip.dll
0x00007ffa75f60000 - 0x00007ffa75f70000 	C:\Users\HP\.jdks\openjdk-24\bin\net.dll
0x00007ffa7d430000 - 0x00007ffa7d49a000 	C:\Windows\system32\mswsock.dll
0x00007ffa75f40000 - 0x00007ffa75f56000 	C:\Users\HP\.jdks\openjdk-24\bin\nio.dll
0x00007ffa75f00000 - 0x00007ffa75f09000 	C:\Users\HP\.jdks\openjdk-24\bin\extnet.dll
0x00007ffa7d120000 - 0x00007ffa7d1ea000 	C:\Windows\SYSTEM32\DNSAPI.dll
0x00007ffa7d0d0000 - 0x00007ffa7d10b000 	C:\Windows\SYSTEM32\IPHLPAPI.DLL
0x00007ffa7efa0000 - 0x00007ffa7efa8000 	C:\Windows\System32\NSI.dll
0x00007ffa70570000 - 0x00007ffa7057a000 	C:\Windows\System32\rasadhlp.dll
0x00007ffa70590000 - 0x00007ffa70610000 	C:\Windows\System32\fwpuclnt.dll
0x00007ffa7e3d0000 - 0x00007ffa7e3f7000 	C:\Windows\System32\bcrypt.dll
0x00007ffa75ef0000 - 0x00007ffa75efa000 	C:\Users\HP\.jdks\openjdk-24\bin\management.dll
0x00007ffa75ee0000 - 0x00007ffa75eeb000 	C:\Users\HP\.jdks\openjdk-24\bin\management_ext.dll
0x00007ffa800e0000 - 0x00007ffa800e8000 	C:\Windows\System32\PSAPI.DLL
0x00007ffa7d620000 - 0x00007ffa7d638000 	C:\Windows\SYSTEM32\CRYPTSP.dll
0x00007ffa7cd40000 - 0x00007ffa7cd74000 	C:\Windows\system32\rsaenh.dll
0x00007ffa7db30000 - 0x00007ffa7db5e000 	C:\Windows\SYSTEM32\USERENV.dll
0x00007ffa7d640000 - 0x00007ffa7d64c000 	C:\Windows\SYSTEM32\CRYPTBASE.dll
0x00007ffa76420000 - 0x00007ffa76437000 	C:\Windows\system32\napinsp.dll
0x00007ffa760b0000 - 0x00007ffa760cb000 	C:\Windows\system32\pnrpnsp.dll
0x00007ffa63820000 - 0x00007ffa63835000 	C:\Windows\system32\wshbth.dll
0x00007ffa79000000 - 0x00007ffa7901d000 	C:\Windows\system32\NLAapi.dll
0x00007ffa76090000 - 0x00007ffa760a2000 	C:\Windows\System32\winrnr.dll
0x00007ffa4c5a0000 - 0x00007ffa4c7ae000 	C:\Users\HP\AppData\Local\Temp\idea_libasyncProfiler_dll_temp_folder\libasyncProfiler.dll
0x00007ffa6cc60000 - 0x00007ffa6cca9000 	C:\Windows\SYSTEM32\pdh.dll

dbghelp: loaded successfully - version: 4.0.5 - missing functions: none
symbol engine: initialized successfully - sym options: 0x614 - pdb path: .;C:\Users\HP\.jdks\openjdk-24\bin;C:\Windows\SYSTEM32;C:\Windows\WinSxS\amd64_microsoft.windows.common-controls_6595b64144ccf1df_6.0.19041.1110_none_60b5254171f9507e;C:\Users\HP\.jdks\openjdk-24\bin\server;C:\Users\HP\AppData\Local\Temp\idea_libasyncProfiler_dll_temp_folder

VM Arguments:
jvm_args: -javaagent:C:\Program Files\JetBrains\IntelliJ IDEA 2024.3.5\lib\idea_rt.jar=63216 -Dfile.encoding=UTF-8 -Dsun.stdout.encoding=UTF-8 -Dsun.stderr.encoding=UTF-8 
java_command: Todo_List_AppKt
java_class_path (initial): E:\2025Container\Crash Courses\Kotlin\projects\todo -CLI app\out\production\todo -CLI app;C:\Users\HP\.m2\repository\org\jetbrains\kotlin\kotlin-stdlib-jdk8\2.0.21\kotlin-stdlib-jdk8-2.0.21.jar;C:\Users\HP\.m2\repository\org\jetbrains\kotlin\kotlin-stdlib\2.0.21\kotlin-stdlib-2.0.21.jar;C:\Users\HP\.m2\repository\org\jetbrains\annotations\13.0\annotations-13.0.jar;C:\Users\HP\.m2\repository\org\jetbrains\kotlin\kotlin-stdlib-jdk7\2.0.21\kotlin-stdlib-jdk7-2.0.21.jar
Launcher Type: SUN_STANDARD

[Global flags]
     intx CICompilerCount                          = 3                                         {product} {ergonomic}
     uint ConcGCThreads                            = 1                                         {product} {ergonomic}
     bool FlightRecorder                           = true                                      {product} {management}
     uint G1ConcRefinementThreads                  = 4                                         {product} {ergonomic}
   size_t G1HeapRegionSize                         = 1048576                                   {product} {ergonomic}
   size_t InitialHeapSize                          = 134217728                                 {product} {ergonomic}
   size_t MarkStackSize                            = 4194304                                   {product} {ergonomic}
   size_t MarkStackSizeMax                         = 536870912                                 {product} {ergonomic}
   size_t MaxHeapSize                              = 2122317824                                {product} {ergonomic}
   size_t MaxNewSize                               = 1272971264                                {product} {ergonomic}
   size_t MinHeapDeltaBytes                        = 1048576                                   {product} {ergonomic}
   size_t MinHeapSize                              = 8388608                                   {product} {ergonomic}
    uintx NonNMethodCodeHeapSize                   = 5832704                                {pd product} {ergonomic}
    uintx NonProfiledCodeHeapSize                  = 122945536                              {pd product} {ergonomic}
    uintx ProfiledCodeHeapSize                     = 122880000                              {pd product} {ergonomic}
    uintx ReservedCodeCacheSize                    = 251658240                              {pd product} {ergonomic}
     bool SegmentedCodeCache                       = true                                      {product} {ergonomic}
   size_t SoftMaxHeapSize                          = 2122317824                             {manageable} {ergonomic}
     bool UseCompressedOops                        = true                           {product lp64_product} {ergonomic}
     bool UseG1GC                                  = true                                      {product} {ergonomic}
     bool UseLargePagesIndividualAllocation        = false                                  {pd product} {ergonomic}

Logging:
Log output configuration:
 #0: stdout all=warning uptime,level,tags foldmultilines=false
 #1: stderr all=off uptime,level,tags foldmultilines=false

Environment Variables:
PATH=C:\Python313\Scripts\;C:\Python313\;C:\Windows\system32;C:\Windows;C:\Windows\System32\Wbem;C:\Windows\System32\WindowsPowerShell\v1.0\;C:\Windows\System32\OpenSSH\;C:\Program Files\nodejs\;C:\ProgramData\chocolatey\bin;C:\Program Files\Git\cmd;C:\Gradle\gradle-8.13\bin;;C:\Program Files\Youlean\Youlean Loudness Meter 2;C:\Users\HP\AppData\Local\Microsoft\WindowsApps;;C:\Program Files\JetBrains\WebStorm 2024.3\bin;;C:\Users\HP\AppData\Roaming\npm;C:\Users\HP\AppData\Local\Programs\Microsoft VS Code\bin;C:\Program Files\JetBrains\IntelliJ IDEA Community Edition 2024.3.5\bin;;C:\Program Files\JetBrains\IntelliJ IDEA 2024.3.5\bin;
USERNAME=HP
OS=Windows_NT
PROCESSOR_IDENTIFIER=Intel64 Family 6 Model 69 Stepping 1, GenuineIntel
TMP=C:\Users\HP\AppData\Local\Temp
TEMP=C:\Users\HP\AppData\Local\Temp




Periodic native trim disabled

---------------  S Y S T E M  ---------------

OS:
 Windows 10 , 64 bit Build 19041 (10.0.19041.1889)
OS uptime: 0 days 8:31 hours

CPU: total 4 (initial active 4) (2 cores per cpu, 2 threads per core) family 6 model 69 stepping 1 microcode 0x25, cx8, cmov, fxsr, ht, mmx, sse, sse2, sse3, ssse3, sse4.1, sse4.2, popcnt, lzcnt, tsc, tscinvbit, avx, avx2, aes, erms, clmul, bmi1, bmi2, fma, vzeroupper, clflush, rdtscp, f16c
Processor Information for the first 4 processors :
  Max Mhz: 2501, Current Mhz: 2501, Mhz Limit: 2501

Memory: 4k page, system-wide physical 8089M (1906M free)
TotalPageFile size 10393M (AvailPageFile size 3684M)
current process WorkingSet (physical memory assigned to process): 101M, peak: 101M
current process commit charge ("private bytes"): 255M, peak: 259M

vm_info: OpenJDK 64-Bit Server VM (24+36-3646) for windows-amd64 JRE (24+36-3646), built on 2025-02-06T00:20:43Z with MS VC++ 17.6 (VS2022)

END.
